2021-03-08 19:03:36,886 | ERROR | nioEventLoopGroup-3-1 | SystemErrorEcxception | 
com.google.protobuf.InvalidProtocolBufferException: Protocol message contained an invalid tag (zero).
	at com.google.protobuf.InvalidProtocolBufferException.invalidTag(InvalidProtocolBufferException.java:102)
	at com.google.protobuf.CodedInputStream$ArrayDecoder.readTag(CodedInputStream.java:628)
	at com.zy.common.message.generate.RequestMessageProtoBuf$GameRequestMsg.<init>(RequestMessageProtoBuf.java:97)
	at com.zy.common.message.generate.RequestMessageProtoBuf$GameRequestMsg.<init>(RequestMessageProtoBuf.java:84)
	at com.zy.common.message.generate.RequestMessageProtoBuf$GameRequestMsg$1.parsePartialFrom(RequestMessageProtoBuf.java:936)
	at com.zy.common.message.generate.RequestMessageProtoBuf$GameRequestMsg$1.parsePartialFrom(RequestMessageProtoBuf.java:1)
	at com.google.protobuf.AbstractParser.parsePartialFrom(AbstractParser.java:158)
	at com.google.protobuf.AbstractParser.parseFrom(AbstractParser.java:191)
	at com.google.protobuf.AbstractParser.parseFrom(AbstractParser.java:203)
	at com.google.protobuf.AbstractParser.parseFrom(AbstractParser.java:208)
	at com.google.protobuf.AbstractParser.parseFrom(AbstractParser.java:48)
	at com.zy.common.message.generate.RequestMessageProtoBuf$GameRequestMsg.parseFrom(RequestMessageProtoBuf.java:402)
	at com.zy.common.message.ProtoBufUtils.parseMessage(ProtoBufUtils.java:22)
	at com.zy.game.handler.MessagePacketDecoder.decode(MessagePacketDecoder.java:21)
	at com.zy.game.handler.MessagePacketDecoder.decode(MessagePacketDecoder.java:1)
	at io.netty.handler.codec.MessageToMessageDecoder.channelRead(MessageToMessageDecoder.java:88)
	at io.netty.channel.AbstractChannelHandlerContext.invokeChannelRead(AbstractChannelHandlerContext.java:379)
	at io.netty.channel.AbstractChannelHandlerContext.invokeChannelRead(AbstractChannelHandlerContext.java:365)
	at io.netty.channel.AbstractChannelHandlerContext.fireChannelRead(AbstractChannelHandlerContext.java:357)
	at io.netty.channel.DefaultChannelPipeline$HeadContext.channelRead(DefaultChannelPipeline.java:1410)
	at io.netty.channel.AbstractChannelHandlerContext.invokeChannelRead(AbstractChannelHandlerContext.java:379)
	at io.netty.channel.AbstractChannelHandlerContext.invokeChannelRead(AbstractChannelHandlerContext.java:365)
	at io.netty.channel.DefaultChannelPipeline.fireChannelRead(DefaultChannelPipeline.java:919)
	at io.netty.channel.nio.AbstractNioByteChannel$NioByteUnsafe.read(AbstractNioByteChannel.java:166)
	at io.netty.channel.nio.NioEventLoop.processSelectedKey(NioEventLoop.java:714)
	at io.netty.channel.nio.NioEventLoop.processSelectedKeysOptimized(NioEventLoop.java:650)
	at io.netty.channel.nio.NioEventLoop.processSelectedKeys(NioEventLoop.java:576)
	at io.netty.channel.nio.NioEventLoop.run(NioEventLoop.java:493)
	at io.netty.util.concurrent.SingleThreadEventExecutor$4.run(SingleThreadEventExecutor.java:989)
	at io.netty.util.internal.ThreadExecutorMap$2.run(ThreadExecutorMap.java:74)
	at io.netty.util.concurrent.FastThreadLocalRunnable.run(FastThreadLocalRunnable.java:30)
	at java.lang.Thread.run(Unknown Source)
2021-03-08 19:07:10,556 | ERROR | nioEventLoopGroup-3-1 | SystemErrorEcxception | 
com.google.protobuf.InvalidProtocolBufferException: Protocol message contained an invalid tag (zero).
	at com.google.protobuf.InvalidProtocolBufferException.invalidTag(InvalidProtocolBufferException.java:102)
	at com.google.protobuf.CodedInputStream$ArrayDecoder.readTag(CodedInputStream.java:628)
	at com.zy.common.message.generate.RequestMessageProtoBuf$GameRequestMsg.<init>(RequestMessageProtoBuf.java:97)
	at com.zy.common.message.generate.RequestMessageProtoBuf$GameRequestMsg.<init>(RequestMessageProtoBuf.java:84)
	at com.zy.common.message.generate.RequestMessageProtoBuf$GameRequestMsg$1.parsePartialFrom(RequestMessageProtoBuf.java:936)
	at com.zy.common.message.generate.RequestMessageProtoBuf$GameRequestMsg$1.parsePartialFrom(RequestMessageProtoBuf.java:1)
	at com.google.protobuf.AbstractParser.parsePartialFrom(AbstractParser.java:158)
	at com.google.protobuf.AbstractParser.parseFrom(AbstractParser.java:191)
	at com.google.protobuf.AbstractParser.parseFrom(AbstractParser.java:203)
	at com.google.protobuf.AbstractParser.parseFrom(AbstractParser.java:208)
	at com.google.protobuf.AbstractParser.parseFrom(AbstractParser.java:48)
	at com.zy.common.message.generate.RequestMessageProtoBuf$GameRequestMsg.parseFrom(RequestMessageProtoBuf.java:402)
	at com.zy.common.message.ProtoBufUtils.parseMessage(ProtoBufUtils.java:21)
	at com.zy.game.handler.MessagePacketDecoder.decode(MessagePacketDecoder.java:21)
	at com.zy.game.handler.MessagePacketDecoder.decode(MessagePacketDecoder.java:1)
	at io.netty.handler.codec.MessageToMessageDecoder.channelRead(MessageToMessageDecoder.java:88)
	at io.netty.channel.AbstractChannelHandlerContext.invokeChannelRead(AbstractChannelHandlerContext.java:379)
	at io.netty.channel.AbstractChannelHandlerContext.invokeChannelRead(AbstractChannelHandlerContext.java:365)
	at io.netty.channel.AbstractChannelHandlerContext.fireChannelRead(AbstractChannelHandlerContext.java:357)
	at io.netty.channel.DefaultChannelPipeline$HeadContext.channelRead(DefaultChannelPipeline.java:1410)
	at io.netty.channel.AbstractChannelHandlerContext.invokeChannelRead(AbstractChannelHandlerContext.java:379)
	at io.netty.channel.AbstractChannelHandlerContext.invokeChannelRead(AbstractChannelHandlerContext.java:365)
	at io.netty.channel.DefaultChannelPipeline.fireChannelRead(DefaultChannelPipeline.java:919)
	at io.netty.channel.nio.AbstractNioByteChannel$NioByteUnsafe.read(AbstractNioByteChannel.java:166)
	at io.netty.channel.nio.NioEventLoop.processSelectedKey(NioEventLoop.java:714)
	at io.netty.channel.nio.NioEventLoop.processSelectedKeysOptimized(NioEventLoop.java:650)
	at io.netty.channel.nio.NioEventLoop.processSelectedKeys(NioEventLoop.java:576)
	at io.netty.channel.nio.NioEventLoop.run(NioEventLoop.java:493)
	at io.netty.util.concurrent.SingleThreadEventExecutor$4.run(SingleThreadEventExecutor.java:989)
	at io.netty.util.internal.ThreadExecutorMap$2.run(ThreadExecutorMap.java:74)
	at io.netty.util.concurrent.FastThreadLocalRunnable.run(FastThreadLocalRunnable.java:30)
	at java.lang.Thread.run(Unknown Source)
